[tracer] Collecting data for ../apps/audio-py3/AudioServerRecorder.py (pid=25047)
Downloading mraa
Could not download mraa
RPi-only: 0
successes: 0
0, 0
[tracer] Collecting data for ../apps/audio-py3/HeyAthena/HeyAthena.py (pid=25061)
Downloading pyglet
OSError: [Errno 2] No such file or directory: '/home/marcela/Research/lib-isolation/iot-app-analysis/apps/audio-py3/HeyAthena/athena/data/logs'
RPi-only: 0
successes: 0
0, 0
[tracer] Collecting data for ../apps/audio-py3/ReSpeakerMessenger/ReSpeakerMessenger.py (pid=25287)
Downloading telepot
OSError: [Errno 13] could not open port /dev/ttyS2: [Errno 13] Permission denied: '/dev/ttyS2'
RPi-only: 0
successes: 0
0, 0
[tracer] Collecting data for ../apps/audio-py3/Intercom/Intercom.py (pid=25454)
RPi-only (RuntimeError
RPi-only: 1
successes: 0
0, 0
[tracer] Collecting data for ../apps/audio-py3/STTIntelIoT.py (pid=25461)
OSError: [Errno 2] No such file or directory: 'test.wav'
RPi-only: 0
successes: 0
0, 0
[tracer] Collecting data for ../apps/audio-py3/BlokBot.py (pid=25493)
Downloading unirest
Could not download unirest
RPi-only: 0
successes: 0
0, 0
[tracer] Collecting data for ../apps/audio-py3/PiTranslate/PiTranslate.py (pid=25510)
usage: collect-callgraphs.py [-h] -o ORIGIN_LANGUAGE -d DESTINATION_LANGUAGE
                             -t TEXT_TO_TRANSLATE
collect-callgraphs.py: error: the following arguments are required: -o/--origin_language, -d/--destination_language, -t/--text_to_translate
System exit
RPi-only: 0
successes: 0
0, 0
[tracer] Collecting data for ../apps/audio-py3/GettingStartedWithReSpeaker/bing_translator.py (pid=25652)
ERROR:root:PyUSB is required on a Linux Machine
Exception in thread Thread-1:
Traceback (most recent call last):
  File "/home/marcela/Research/lib-isolation/iot-app-analysis/callgraph-analysis/python35/Lib/threading.py", line 914, in _bootstrap_inner
    self.run()
  File "/home/marcela/Research/lib-isolation/iot-app-analysis/callgraph-analysis/python35/Lib/threading.py", line 862, in run
    self._target(*self._args, **self._kwargs)
  File "../apps/audio-py3/GettingStartedWithReSpeaker/bing_translator.py", line 31, in task
    mic = Microphone(quit_event=quit_event)
  File "../apps/audio-py3/GettingStartedWithReSpeaker/respeaker/microphone.py", line 76, in __init__
    if name.lower().find('respeaker') >= 0 and dev['maxInputChannels'] > 0:
TypeError: a bytes-like object is required, not 'str'

Quit
Successful data collection
[tracer] Collecting data for ../apps/audio-py3/GettingStartedWithReSpeaker/offline_voice_assistant.py (pid=25652)
RPi-only: 0
successes: 2
Traceback (most recent call last):
  File "collect-callgraphs.py", line 89, in <module>
    p.join()
  File "/home/marcela/Research/lib-isolation/iot-app-analysis/callgraph-analysis/python35/Lib/multiprocessing/process.py", line 121, in join
    res = self._popen.wait(timeout)
  File "/home/marcela/Research/lib-isolation/iot-app-analysis/callgraph-analysis/python35/Lib/multiprocessing/popen_fork.py", line 51, in wait
    return self.poll(os.WNOHANG if timeout == 0.0 else 0)
  File "/home/marcela/Research/lib-isolation/iot-app-analysis/callgraph-analysis/python35/Lib/multiprocessing/popen_fork.py", line 29, in poll
    pid, sts = os.waitpid(self.pid, flag)
KeyboardInterrupt
